<?xml version="1.0" encoding="UTF-8"?>
<!-- Generated by org.testng.reporters.JUnitReportReporter -->
<testsuite hostname="ITLFZVYMC2" failures="0" tests="2" name="com.mmframework.testcases.HomePageTest" time="63.479" errors="0" timestamp="2022-04-06T08:41:33 SAST" skipped="0">
  <testcase classname="com.mmframework.testcases.HomePageTest" name="orderHistoryDetailsTest" time="33.455"/>
  <system-out/>
  <testcase classname="com.mmframework.testcases.HomePageTest" name="wishListTest" time="30.024"/>
  <system-out/>
</testsuite> <!-- com.mmframework.testcases.HomePageTest -->
