<?xml version="1.0" encoding="UTF-8"?>
<!-- Generated by org.testng.reporters.JUnitReportReporter -->
<testsuite hostname="ITLFZVYMC2" failures="0" tests="1" name="com.mmframework.testcases.PurchaseEndToEndTest" time="50.926" errors="0" timestamp="2022-04-18T18:46:10 SAST" skipped="0">
  <testcase classname="com.mmframework.testcases.PurchaseEndToEndTest" name="endToEndTest" time="50.926"/>
  <system-out/>
</testsuite> <!-- com.mmframework.testcases.PurchaseEndToEndTest -->
