<?xml version="1.0" encoding="UTF-8"?>
<!-- Generated by org.testng.reporters.JUnitReportReporter -->
<testsuite hostname="ITLFZVYMC2" failures="0" tests="1" name="com.mmframework.testcases.PurchaseEndToEndTest" time="60.300" errors="0" timestamp="2022-05-16T09:47:38 SAST" skipped="0">
  <testcase classname="com.mmframework.testcases.PurchaseEndToEndTest" name="endToEndTest" time="60.300"/>
  <system-out/>
</testsuite> <!-- com.mmframework.testcases.PurchaseEndToEndTest -->
