<?xml version="1.0" encoding="UTF-8"?>
<!-- Generated by org.testng.reporters.JUnitReportReporter -->
<testsuite hostname="ITLFZVYMC2" failures="0" tests="1" name="com.mmframework.testcases.OrderPageTest" time="72.900" errors="0" timestamp="2022-04-06T11:25:27 SAST" skipped="0">
  <testcase classname="com.mmframework.testcases.OrderPageTest" name="verifyTotalPrice" time="72.900"/>
  <system-out/>
</testsuite> <!-- com.mmframework.testcases.OrderPageTest -->
